<?xml version="1.0" encoding="UTF-8"?>
<coverage generated="1652283894509" clover="3.2.0">
  <project timestamp="1652283894509" name="All files">
    <metrics statements="114" coveredstatements="113" conditionals="49" coveredconditionals="48" methods="51" coveredmethods="51" elements="214" coveredelements="212" complexity="0" loc="114" ncloc="114" packages="7" files="21" classes="21"/>
    <package name="src">
      <metrics statements="5" coveredstatements="5" conditionals="1" coveredconditionals="1" methods="1" coveredmethods="1"/>
      <file name="index.js" path="/home/runner/work/cypress-code-coverage/cypress-code-coverage/src/index.js">
        <metrics statements="1" coveredstatements="1" conditionals="0" coveredconditionals="0" methods="0" coveredmethods="0"/>
        <line num="7" count="60" type="stmt"/>
      </file>
      <file name="store.js" path="/home/runner/work/cypress-code-coverage/cypress-code-coverage/src/store.js">
        <metrics statements="4" coveredstatements="4" conditionals="1" coveredconditionals="1" methods="1" coveredmethods="1"/>
        <line num="6" count="60" type="stmt"/>
        <line num="7" count="60" type="stmt"/>
        <line num="11" count="60" type="cond" truecount="1" falsecount="0"/>
        <line num="12" count="60" type="stmt"/>
      </file>
    </package>
    <package name="src.actions">
      <metrics statements="7" coveredstatements="7" conditionals="0" coveredconditionals="0" methods="7" coveredmethods="7"/>
      <file name="index.js" path="/home/runner/work/cypress-code-coverage/cypress-code-coverage/src/actions/index.js">
        <metrics statements="7" coveredstatements="7" conditionals="0" coveredconditionals="0" methods="7" coveredmethods="7"/>
        <line num="3" count="65" type="stmt"/>
        <line num="4" count="60" type="stmt"/>
        <line num="5" count="60" type="stmt"/>
        <line num="6" count="60" type="stmt"/>
        <line num="7" count="60" type="stmt"/>
        <line num="8" count="60" type="stmt"/>
        <line num="9" count="60" type="stmt"/>
      </file>
    </package>
    <package name="src.components">
      <metrics statements="56" coveredstatements="56" conditionals="24" coveredconditionals="24" methods="20" coveredmethods="20"/>
      <file name="App.js" path="/home/runner/work/cypress-code-coverage/cypress-code-coverage/src/components/App.js">
        <metrics statements="2" coveredstatements="2" conditionals="0" coveredconditionals="0" methods="1" coveredmethods="1"/>
        <line num="5" count="60" type="stmt"/>
        <line num="6" count="60" type="stmt"/>
      </file>
      <file name="Footer.js" path="/home/runner/work/cypress-code-coverage/cypress-code-coverage/src/components/Footer.js">
        <metrics statements="7" coveredstatements="7" conditionals="6" coveredconditionals="6" methods="2" coveredmethods="2"/>
        <line num="6" count="60" type="stmt"/>
        <line num="12" count="60" type="stmt"/>
        <line num="13" count="136" type="stmt"/>
        <line num="14" count="136" type="cond" truecount="2" falsecount="0"/>
        <line num="15" count="136" type="stmt"/>
        <line num="22" count="408" type="stmt"/>
        <line num="41" count="60" type="stmt"/>
      </file>
      <file name="Header.js" path="/home/runner/work/cypress-code-coverage/cypress-code-coverage/src/components/Header.js">
        <metrics statements="5" coveredstatements="5" conditionals="2" coveredconditionals="2" methods="2" coveredmethods="2"/>
        <line num="5" count="60" type="stmt"/>
        <line num="6" count="60" type="stmt"/>
        <line num="11" count="67" type="cond" truecount="2" falsecount="0"/>
        <line num="14" count="65" type="stmt"/>
        <line num="22" count="60" type="stmt"/>
      </file>
      <file name="Link.js" path="/home/runner/work/cypress-code-coverage/cypress-code-coverage/src/components/Link.js">
        <metrics statements="4" coveredstatements="4" conditionals="0" coveredconditionals="0" methods="2" coveredmethods="2"/>
        <line num="5" count="60" type="stmt"/>
        <line num="8" count="213" type="stmt"/>
        <line num="11" count="24" type="stmt"/>
        <line num="18" count="60" type="stmt"/>
      </file>
      <file name="MainSection.js" path="/home/runner/work/cypress-code-coverage/cypress-code-coverage/src/components/MainSection.js">
        <metrics statements="3" coveredstatements="3" conditionals="4" coveredconditionals="4" methods="1" coveredmethods="1"/>
        <line num="6" count="60" type="stmt"/>
        <line num="7" count="169" type="stmt"/>
        <line num="31" count="60" type="stmt"/>
      </file>
      <file name="TodoItem.js" path="/home/runner/work/cypress-code-coverage/cypress-code-coverage/src/components/TodoItem.js">
        <metrics statements="17" coveredstatements="17" conditionals="4" coveredconditionals="4" methods="6" coveredmethods="6"/>
        <line num="7" count="60" type="stmt"/>
        <line num="14" count="164" type="stmt"/>
        <line num="18" count="164" type="stmt"/>
        <line num="19" count="10" type="stmt"/>
        <line num="22" count="164" type="stmt"/>
        <line num="23" count="8" type="cond" truecount="2" falsecount="0"/>
        <line num="24" count="2" type="stmt"/>
        <line num="26" count="6" type="stmt"/>
        <line num="28" count="8" type="stmt"/>
        <line num="32" count="379" type="stmt"/>
        <line num="35" count="379" type="cond" truecount="2" falsecount="0"/>
        <line num="36" count="10" type="stmt"/>
        <line num="40" count="8" type="stmt"/>
        <line num="44" count="369" type="stmt"/>
        <line num="50" count="28" type="stmt"/>
        <line num="53" count="2" type="stmt"/>
        <line num="58" count="379" type="stmt"/>
      </file>
      <file name="TodoList.js" path="/home/runner/work/cypress-code-coverage/cypress-code-coverage/src/components/TodoList.js">
        <metrics statements="4" coveredstatements="4" conditionals="0" coveredconditionals="0" methods="2" coveredmethods="2"/>
        <line num="5" count="60" type="stmt"/>
        <line num="6" count="201" type="stmt"/>
        <line num="8" count="369" type="stmt"/>
        <line num="13" count="60" type="stmt"/>
      </file>
      <file name="TodoTextInput.js" path="/home/runner/work/cypress-code-coverage/cypress-code-coverage/src/components/TodoTextInput.js">
        <metrics statements="14" coveredstatements="14" conditionals="8" coveredconditionals="8" methods="4" coveredmethods="4"/>
        <line num="6" count="60" type="stmt"/>
        <line num="14" count="70" type="stmt"/>
        <line num="18" count="70" type="stmt"/>
        <line num="19" count="1035" type="stmt"/>
        <line num="20" count="1035" type="cond" truecount="2" falsecount="0"/>
        <line num="21" count="73" type="stmt"/>
        <line num="22" count="73" type="cond" truecount="2" falsecount="0"/>
        <line num="23" count="67" type="stmt"/>
        <line num="28" count="70" type="stmt"/>
        <line num="29" count="962" type="stmt"/>
        <line num="32" count="70" type="stmt"/>
        <line num="33" count="41" type="cond" truecount="2" falsecount="0"/>
        <line num="34" count="2" type="stmt"/>
        <line num="39" count="1099" type="stmt"/>
      </file>
    </package>
    <package name="src.constants">
      <metrics statements="10" coveredstatements="10" conditionals="0" coveredconditionals="0" methods="0" coveredmethods="0"/>
      <file name="ActionTypes.js" path="/home/runner/work/cypress-code-coverage/cypress-code-coverage/src/constants/ActionTypes.js">
        <metrics statements="7" coveredstatements="7" conditionals="0" coveredconditionals="0" methods="0" coveredmethods="0"/>
        <line num="1" count="60" type="stmt"/>
        <line num="2" count="60" type="stmt"/>
        <line num="3" count="60" type="stmt"/>
        <line num="4" count="60" type="stmt"/>
        <line num="5" count="60" type="stmt"/>
        <line num="6" count="60" type="stmt"/>
        <line num="7" count="60" type="stmt"/>
      </file>
      <file name="TodoFilters.js" path="/home/runner/work/cypress-code-coverage/cypress-code-coverage/src/constants/TodoFilters.js">
        <metrics statements="3" coveredstatements="3" conditionals="0" coveredconditionals="0" methods="0" coveredmethods="0"/>
        <line num="1" count="60" type="stmt"/>
        <line num="2" count="60" type="stmt"/>
        <line num="3" count="60" type="stmt"/>
      </file>
    </package>
    <package name="src.containers">
      <metrics statements="8" coveredstatements="8" conditionals="0" coveredconditionals="0" methods="7" coveredmethods="7"/>
      <file name="FilterLink.js" path="/home/runner/work/cypress-code-coverage/cypress-code-coverage/src/containers/FilterLink.js">
        <metrics statements="3" coveredstatements="3" conditionals="0" coveredconditionals="0" methods="3" coveredmethods="3"/>
        <line num="5" count="504" type="stmt"/>
        <line num="9" count="165" type="stmt"/>
        <line num="11" count="24" type="stmt"/>
      </file>
      <file name="Header.js" path="/home/runner/work/cypress-code-coverage/cypress-code-coverage/src/containers/Header.js">
        <metrics statements="0" coveredstatements="0" conditionals="0" coveredconditionals="0" methods="0" coveredmethods="0"/>
      </file>
      <file name="MainSection.js" path="/home/runner/work/cypress-code-coverage/cypress-code-coverage/src/containers/MainSection.js">
        <metrics statements="2" coveredstatements="2" conditionals="0" coveredconditionals="0" methods="2" coveredmethods="2"/>
        <line num="8" count="201" type="stmt"/>
        <line num="14" count="60" type="stmt"/>
      </file>
      <file name="VisibleTodoList.js" path="/home/runner/work/cypress-code-coverage/cypress-code-coverage/src/containers/VisibleTodoList.js">
        <metrics statements="3" coveredstatements="3" conditionals="0" coveredconditionals="0" methods="2" coveredmethods="2"/>
        <line num="7" count="201" type="stmt"/>
        <line num="11" count="60" type="stmt"/>
        <line num="16" count="60" type="stmt"/>
      </file>
    </package>
    <package name="src.reducers">
      <metrics statements="18" coveredstatements="18" conditionals="18" coveredconditionals="18" methods="9" coveredmethods="9"/>
      <file name="index.js" path="/home/runner/work/cypress-code-coverage/cypress-code-coverage/src/reducers/index.js">
        <metrics statements="1" coveredstatements="1" conditionals="0" coveredconditionals="0" methods="0" coveredmethods="0"/>
        <line num="5" count="60" type="stmt"/>
      </file>
      <file name="todos.js" path="/home/runner/work/cypress-code-coverage/cypress-code-coverage/src/reducers/todos.js">
        <metrics statements="13" coveredstatements="13" conditionals="15" coveredconditionals="15" methods="8" coveredmethods="8"/>
        <line num="11" count="60" type="cond" truecount="3" falsecount="0"/>
        <line num="14" count="323" type="cond" truecount="7" falsecount="0"/>
        <line num="16" count="65" type="stmt"/>
        <line num="19" count="54" type="stmt"/>
        <line num="26" count="12" type="stmt"/>
        <line num="29" count="6" type="stmt"/>
        <line num="30" count="18" type="cond" truecount="2" falsecount="0"/>
        <line num="34" count="28" type="stmt"/>
        <line num="36" count="76" type="cond" truecount="2" falsecount="0"/>
        <line num="42" count="12" type="stmt"/>
        <line num="43" count="24" type="stmt"/>
        <line num="49" count="24" type="stmt"/>
        <line num="52" count="204" type="stmt"/>
      </file>
      <file name="visibilityFilter.js" path="/home/runner/work/cypress-code-coverage/cypress-code-coverage/src/reducers/visibilityFilter.js">
        <metrics statements="4" coveredstatements="4" conditionals="3" coveredconditionals="3" methods="1" coveredmethods="1"/>
        <line num="4" count="60" type="cond" truecount="1" falsecount="0"/>
        <line num="5" count="323" type="cond" truecount="2" falsecount="0"/>
        <line num="7" count="24" type="stmt"/>
        <line num="9" count="299" type="stmt"/>
      </file>
    </package>
    <package name="src.selectors">
      <metrics statements="10" coveredstatements="9" conditionals="6" coveredconditionals="5" methods="7" coveredmethods="7"/>
      <file name="index.js" path="/home/runner/work/cypress-code-coverage/cypress-code-coverage/src/selectors/index.js">
        <metrics statements="10" coveredstatements="9" conditionals="6" coveredconditionals="5" methods="7" coveredmethods="7"/>
        <line num="4" count="201" type="stmt"/>
        <line num="5" count="402" type="stmt"/>
        <line num="7" count="60" type="stmt"/>
        <line num="10" count="201" type="cond" truecount="3" falsecount="1"/>
        <line num="12" count="179" type="stmt"/>
        <line num="14" count="35" type="stmt"/>
        <line num="16" count="27" type="stmt"/>
        <line num="18" count="0" type="stmt"/>
        <line num="23" count="60" type="stmt"/>
        <line num="26" count="336" type="cond" truecount="2" falsecount="0"/>
      </file>
    </package>
  </project>
</coverage>
