{"/home/runner/work/cypress-code-coverage/cypress-code-coverage/src/index.js": {"path":"/home/runner/work/cypress-code-coverage/cypress-code-coverage/src/index.js","statementMap":{"0":{"start":{"line":7,"column":0},"end":{"line":12,"column":1}}},"fnMap":{},"branchMap":{},"s":{"0":60},"f":{},"b":{},"_coverageSchema":"1a1c01bbd47fc00a2c39e90264f33305004495a9","hash":"cd045fff2deea9f3fbb742d84a27718a351f6089"}
,"/home/runner/work/cypress-code-coverage/cypress-code-coverage/src/store.js": {"path":"/home/runner/work/cypress-code-coverage/cypress-code-coverage/src/store.js","statementMap":{"0":{"start":{"line":6,"column":21},"end":{"line":6,"column":41}},"1":{"start":{"line":7,"column":29},"end":{"line":7,"column":92}},"2":{"start":{"line":7,"column":46},"end":{"line":7,"column":91}},"3":{"start":{"line":11,"column":0},"end":{"line":13,"column":1}},"4":{"start":{"line":12,"column":2},"end":{"line":12,"column":22}}},"fnMap":{"0":{"name":"(anonymous_0)","decl":{"start":{"line":7,"column":29},"end":{"line":7,"column":30}},"loc":{"start":{"line":7,"column":46},"end":{"line":7,"column":91}},"line":7}},"branchMap":{"0":{"loc":{"start":{"line":11,"column":0},"end":{"line":13,"column":1}},"type":"if","locations":[{"start":{"line":11,"column":0},"end":{"line":13,"column":1}}],"line":11}},"s":{"0":60,"1":60,"2":60,"3":60,"4":60},"f":{"0":60},"b":{"0":[60]},"_coverageSchema":"1a1c01bbd47fc00a2c39e90264f33305004495a9","hash":"c91b00b1e0c8e71bbc4a6a5cedd2f27cc23d4972"}
,"/home/runner/work/cypress-code-coverage/cypress-code-coverage/src/actions/index.js": {"path":"/home/runner/work/cypress-code-coverage/cypress-code-coverage/src/actions/index.js","statementMap":{"0":{"start":{"line":3,"column":23},"end":{"line":3,"column":63}},"1":{"start":{"line":3,"column":32},"end":{"line":3,"column":62}},"2":{"start":{"line":4,"column":26},"end":{"line":4,"column":65}},"3":{"start":{"line":4,"column":33},"end":{"line":4,"column":64}},"4":{"start":{"line":5,"column":24},"end":{"line":5,"column":75}},"5":{"start":{"line":5,"column":39},"end":{"line":5,"column":74}},"6":{"start":{"line":6,"column":28},"end":{"line":6,"column":69}},"7":{"start":{"line":6,"column":35},"end":{"line":6,"column":68}},"8":{"start":{"line":7,"column":32},"end":{"line":7,"column":74}},"9":{"start":{"line":7,"column":39},"end":{"line":7,"column":73}},"10":{"start":{"line":8,"column":30},"end":{"line":8,"column":69}},"11":{"start":{"line":8,"column":37},"end":{"line":8,"column":68}},"12":{"start":{"line":9,"column":35},"end":{"line":9,"column":91}},"13":{"start":{"line":9,"column":46},"end":{"line":9,"column":90}}},"fnMap":{"0":{"name":"(anonymous_0)","decl":{"start":{"line":3,"column":23},"end":{"line":3,"column":24}},"loc":{"start":{"line":3,"column":32},"end":{"line":3,"column":62}},"line":3},"1":{"name":"(anonymous_1)","decl":{"start":{"line":4,"column":26},"end":{"line":4,"column":27}},"loc":{"start":{"line":4,"column":33},"end":{"line":4,"column":64}},"line":4},"2":{"name":"(anonymous_2)","decl":{"start":{"line":5,"column":24},"end":{"line":5,"column":25}},"loc":{"start":{"line":5,"column":39},"end":{"line":5,"column":74}},"line":5},"3":{"name":"(anonymous_3)","decl":{"start":{"line":6,"column":28},"end":{"line":6,"column":29}},"loc":{"start":{"line":6,"column":35},"end":{"line":6,"column":68}},"line":6},"4":{"name":"(anonymous_4)","decl":{"start":{"line":7,"column":32},"end":{"line":7,"column":33}},"loc":{"start":{"line":7,"column":39},"end":{"line":7,"column":73}},"line":7},"5":{"name":"(anonymous_5)","decl":{"start":{"line":8,"column":30},"end":{"line":8,"column":31}},"loc":{"start":{"line":8,"column":37},"end":{"line":8,"column":68}},"line":8},"6":{"name":"(anonymous_6)","decl":{"start":{"line":9,"column":35},"end":{"line":9,"column":36}},"loc":{"start":{"line":9,"column":46},"end":{"line":9,"column":90}},"line":9}},"branchMap":{},"s":{"0":60,"1":65,"2":60,"3":4,"4":60,"5":6,"6":60,"7":28,"8":60,"9":8,"10":60,"11":8,"12":60,"13":24},"f":{"0":65,"1":4,"2":6,"3":28,"4":8,"5":8,"6":24},"b":{},"_coverageSchema":"1a1c01bbd47fc00a2c39e90264f33305004495a9","hash":"508e7d95de1037410bd2d06e810f74866033276e"}
,"/home/runner/work/cypress-code-coverage/cypress-code-coverage/src/components/App.js": {"path":"/home/runner/work/cypress-code-coverage/cypress-code-coverage/src/components/App.js","statementMap":{"0":{"start":{"line":5,"column":12},"end":{"line":10,"column":1}},"1":{"start":{"line":6,"column":2},"end":{"line":9,"column":8}}},"fnMap":{"0":{"name":"(anonymous_0)","decl":{"start":{"line":5,"column":12},"end":{"line":5,"column":13}},"loc":{"start":{"line":6,"column":2},"end":{"line":9,"column":8}},"line":6}},"branchMap":{},"s":{"0":60,"1":60},"f":{"0":60},"b":{},"_coverageSchema":"1a1c01bbd47fc00a2c39e90264f33305004495a9","hash":"0a26e4e81143f25784cfbd2a7f0b588bfdb5dae9"}
,"/home/runner/work/cypress-code-coverage/cypress-code-coverage/src/components/Footer.js": {"path":"/home/runner/work/cypress-code-coverage/cypress-code-coverage/src/components/Footer.js","statementMap":{"0":{"start":{"line":6,"column":22},"end":{"line":10,"column":1}},"1":{"start":{"line":12,"column":15},"end":{"line":39,"column":1}},"2":{"start":{"line":13,"column":60},"end":{"line":13,"column":65}},"3":{"start":{"line":14,"column":19},"end":{"line":14,"column":55}},"4":{"start":{"line":15,"column":2},"end":{"line":38,"column":3}},"5":{"start":{"line":22,"column":10},"end":{"line":26,"column":15}},"6":{"start":{"line":41,"column":0},"end":{"line":45,"column":1}}},"fnMap":{"0":{"name":"(anonymous_0)","decl":{"start":{"line":12,"column":15},"end":{"line":12,"column":16}},"loc":{"start":{"line":12,"column":26},"end":{"line":39,"column":1}},"line":12},"1":{"name":"(anonymous_1)","decl":{"start":{"line":21,"column":40},"end":{"line":21,"column":41}},"loc":{"start":{"line":22,"column":10},"end":{"line":26,"column":15}},"line":22}},"branchMap":{"0":{"loc":{"start":{"line":14,"column":19},"end":{"line":14,"column":55}},"type":"cond-expr","locations":[{"start":{"line":14,"column":39},"end":{"line":14,"column":45}},{"start":{"line":14,"column":48},"end":{"line":14,"column":55}}],"line":14},"1":{"loc":{"start":{"line":18,"column":17},"end":{"line":18,"column":36}},"type":"binary-expr","locations":[{"start":{"line":18,"column":17},"end":{"line":18,"column":28}},{"start":{"line":18,"column":32},"end":{"line":18,"column":36}}],"line":18},"2":{"loc":{"start":{"line":30,"column":8},"end":{"line":34,"column":33}},"type":"binary-expr","locations":[{"start":{"line":30,"column":8},"end":{"line":30,"column":24}},{"start":{"line":31,"column":8},"end":{"line":34,"column":33}}],"line":30}},"s":{"0":60,"1":60,"2":136,"3":136,"4":136,"5":408,"6":60},"f":{"0":136,"1":408},"b":{"0":[34,102],"1":[136,8],"2":[136,30]},"_coverageSchema":"1a1c01bbd47fc00a2c39e90264f33305004495a9","hash":"5961b6081e0f0b2c46c604b482c662a37d69cc8b"}
,"/home/runner/work/cypress-code-coverage/cypress-code-coverage/src/components/Header.js": {"path":"/home/runner/work/cypress-code-coverage/cypress-code-coverage/src/components/Header.js","statementMap":{"0":{"start":{"line":5,"column":15},"end":{"line":20,"column":1}},"1":{"start":{"line":6,"column":2},"end":{"line":19,"column":11}},"2":{"start":{"line":11,"column":8},"end":{"line":15,"column":9}},"3":{"start":{"line":14,"column":10},"end":{"line":14,"column":23}},"4":{"start":{"line":22,"column":0},"end":{"line":24,"column":1}}},"fnMap":{"0":{"name":"(anonymous_0)","decl":{"start":{"line":5,"column":15},"end":{"line":5,"column":16}},"loc":{"start":{"line":6,"column":2},"end":{"line":19,"column":11}},"line":6},"1":{"name":"(anonymous_1)","decl":{"start":{"line":10,"column":14},"end":{"line":10,"column":15}},"loc":{"start":{"line":10,"column":22},"end":{"line":16,"column":7}},"line":10}},"branchMap":{"0":{"loc":{"start":{"line":11,"column":8},"end":{"line":15,"column":9}},"type":"if","locations":[{"start":{"line":11,"column":8},"end":{"line":15,"column":9}},{"start":{"line":11,"column":8},"end":{"line":15,"column":9}}],"line":11}},"s":{"0":60,"1":60,"2":67,"3":65,"4":60},"f":{"0":60,"1":67},"b":{"0":[65,2]},"_coverageSchema":"1a1c01bbd47fc00a2c39e90264f33305004495a9","hash":"0f83326f8bec689a5a96f80cb7737e2fe1384ac8"}
,"/home/runner/work/cypress-code-coverage/cypress-code-coverage/src/components/Link.js": {"path":"/home/runner/work/cypress-code-coverage/cypress-code-coverage/src/components/Link.js","statementMap":{"0":{"start":{"line":5,"column":13},"end":{"line":15,"column":3}},"1":{"start":{"line":8,"column":4},"end":{"line":14,"column":8}},"2":{"start":{"line":11,"column":21},"end":{"line":11,"column":32}},"3":{"start":{"line":18,"column":0},"end":{"line":22,"column":1}}},"fnMap":{"0":{"name":"(anonymous_0)","decl":{"start":{"line":5,"column":13},"end":{"line":5,"column":14}},"loc":{"start":{"line":8,"column":4},"end":{"line":14,"column":8}},"line":8},"1":{"name":"(anonymous_1)","decl":{"start":{"line":11,"column":15},"end":{"line":11,"column":16}},"loc":{"start":{"line":11,"column":21},"end":{"line":11,"column":32}},"line":11}},"branchMap":{},"s":{"0":60,"1":213,"2":24,"3":60},"f":{"0":213,"1":24},"b":{},"_coverageSchema":"1a1c01bbd47fc00a2c39e90264f33305004495a9","hash":"63df0aa4a3cedba51943e76a16a564b26add63c2"}
,"/home/runner/work/cypress-code-coverage/cypress-code-coverage/src/components/MainSection.js": {"path":"/home/runner/work/cypress-code-coverage/cypress-code-coverage/src/components/MainSection.js","statementMap":{"0":{"start":{"line":6,"column":20},"end":{"line":29,"column":1}},"1":{"start":{"line":7,"column":2},"end":{"line":28,"column":12}},"2":{"start":{"line":31,"column":0},"end":{"line":35,"column":1}}},"fnMap":{"0":{"name":"(anonymous_0)","decl":{"start":{"line":6,"column":20},"end":{"line":6,"column":21}},"loc":{"start":{"line":7,"column":2},"end":{"line":28,"column":12}},"line":7}},"branchMap":{"0":{"loc":{"start":{"line":8,"column":5},"end":{"line":19,"column":5}},"type":"binary-expr","locations":[{"start":{"line":8,"column":5},"end":{"line":8,"column":17}},{"start":{"line":9,"column":6},"end":{"line":18,"column":13}}],"line":8},"1":{"loc":{"start":{"line":21,"column":5},"end":{"line":27,"column":5}},"type":"binary-expr","locations":[{"start":{"line":21,"column":5},"end":{"line":21,"column":17}},{"start":{"line":22,"column":6},"end":{"line":26,"column":8}}],"line":21}},"s":{"0":60,"1":169,"2":60},"f":{"0":169},"b":{"0":[169,136],"1":[169,136]},"_coverageSchema":"1a1c01bbd47fc00a2c39e90264f33305004495a9","hash":"b2a736a15b6ea79f2a0abb906c295dc0baad06b9"}
,"/home/runner/work/cypress-code-coverage/cypress-code-coverage/src/components/TodoItem.js": {"path":"/home/runner/work/cypress-code-coverage/cypress-code-coverage/src/components/TodoItem.js","statementMap":{"0":{"start":{"line":7,"column":21},"end":{"line":12,"column":3}},"1":{"start":{"line":14,"column":10},"end":{"line":16,"column":3}},"2":{"start":{"line":18,"column":22},"end":{"line":20,"column":3}},"3":{"start":{"line":19,"column":4},"end":{"line":19,"column":36}},"4":{"start":{"line":22,"column":15},"end":{"line":29,"column":3}},"5":{"start":{"line":23,"column":4},"end":{"line":27,"column":5}},"6":{"start":{"line":24,"column":6},"end":{"line":24,"column":31}},"7":{"start":{"line":26,"column":6},"end":{"line":26,"column":35}},"8":{"start":{"line":28,"column":4},"end":{"line":28,"column":37}},"9":{"start":{"line":32,"column":47},"end":{"line":32,"column":57}},"10":{"start":{"line":35,"column":4},"end":{"line":56,"column":5}},"11":{"start":{"line":36,"column":6},"end":{"line":42,"column":7}},"12":{"start":{"line":40,"column":26},"end":{"line":40,"column":56}},"13":{"start":{"line":44,"column":6},"end":{"line":55,"column":7}},"14":{"start":{"line":50,"column":28},"end":{"line":50,"column":49}},"15":{"start":{"line":53,"column":53},"end":{"line":53,"column":72}},"16":{"start":{"line":58,"column":4},"end":{"line":68,"column":5}}},"fnMap":{"0":{"name":"(anonymous_0)","decl":{"start":{"line":18,"column":22},"end":{"line":18,"column":23}},"loc":{"start":{"line":18,"column":28},"end":{"line":20,"column":3}},"line":18},"1":{"name":"(anonymous_1)","decl":{"start":{"line":22,"column":15},"end":{"line":22,"column":16}},"loc":{"start":{"line":22,"column":29},"end":{"line":29,"column":3}},"line":22},"2":{"name":"(anonymous_2)","decl":{"start":{"line":31,"column":2},"end":{"line":31,"column":3}},"loc":{"start":{"line":31,"column":12},"end":{"line":69,"column":3}},"line":31},"3":{"name":"(anonymous_3)","decl":{"start":{"line":40,"column":18},"end":{"line":40,"column":19}},"loc":{"start":{"line":40,"column":26},"end":{"line":40,"column":56}},"line":40},"4":{"name":"(anonymous_4)","decl":{"start":{"line":50,"column":22},"end":{"line":50,"column":23}},"loc":{"start":{"line":50,"column":28},"end":{"line":50,"column":49}},"line":50},"5":{"name":"(anonymous_5)","decl":{"start":{"line":53,"column":47},"end":{"line":53,"column":48}},"loc":{"start":{"line":53,"column":53},"end":{"line":53,"column":72}},"line":53}},"branchMap":{"0":{"loc":{"start":{"line":23,"column":4},"end":{"line":27,"column":5}},"type":"if","locations":[{"start":{"line":23,"column":4},"end":{"line":27,"column":5}},{"start":{"line":23,"column":4},"end":{"line":27,"column":5}}],"line":23},"1":{"loc":{"start":{"line":35,"column":4},"end":{"line":56,"column":5}},"type":"if","locations":[{"start":{"line":35,"column":4},"end":{"line":56,"column":5}},{"start":{"line":35,"column":4},"end":{"line":56,"column":5}}],"line":35}},"s":{"0":60,"1":164,"2":164,"3":10,"4":164,"5":8,"6":2,"7":6,"8":8,"9":379,"10":379,"11":10,"12":8,"13":369,"14":28,"15":2,"16":379},"f":{"0":10,"1":8,"2":379,"3":8,"4":28,"5":2},"b":{"0":[2,6],"1":[10,369]},"_coverageSchema":"1a1c01bbd47fc00a2c39e90264f33305004495a9","hash":"0f14c8b7911eafbb494b6b523f0cdd52fc9c9789"}
,"/home/runner/work/cypress-code-coverage/cypress-code-coverage/src/components/TodoList.js": {"path":"/home/runner/work/cypress-code-coverage/cypress-code-coverage/src/components/TodoList.js","statementMap":{"0":{"start":{"line":5,"column":17},"end":{"line":11,"column":1}},"1":{"start":{"line":6,"column":2},"end":{"line":10,"column":7}},"2":{"start":{"line":8,"column":6},"end":{"line":8,"column":57}},"3":{"start":{"line":13,"column":0},"end":{"line":20,"column":1}}},"fnMap":{"0":{"name":"(anonymous_0)","decl":{"start":{"line":5,"column":17},"end":{"line":5,"column":18}},"loc":{"start":{"line":6,"column":2},"end":{"line":10,"column":7}},"line":6},"1":{"name":"(anonymous_1)","decl":{"start":{"line":7,"column":23},"end":{"line":7,"column":24}},"loc":{"start":{"line":8,"column":6},"end":{"line":8,"column":57}},"line":8}},"branchMap":{},"s":{"0":60,"1":201,"2":369,"3":60},"f":{"0":201,"1":369},"b":{},"_coverageSchema":"1a1c01bbd47fc00a2c39e90264f33305004495a9","hash":"93e691e9f78876b77b7b260610b0ec2faf2076be"}
,"/home/runner/work/cypress-code-coverage/cypress-code-coverage/src/components/TodoTextInput.js": {"path":"/home/runner/work/cypress-code-coverage/cypress-code-coverage/src/components/TodoTextInput.js","statementMap":{"0":{"start":{"line":6,"column":21},"end":{"line":12,"column":3}},"1":{"start":{"line":14,"column":10},"end":{"line":16,"column":3}},"2":{"start":{"line":18,"column":17},"end":{"line":26,"column":3}},"3":{"start":{"line":19,"column":17},"end":{"line":19,"column":38}},"4":{"start":{"line":20,"column":4},"end":{"line":25,"column":5}},"5":{"start":{"line":21,"column":6},"end":{"line":21,"column":29}},"6":{"start":{"line":22,"column":6},"end":{"line":24,"column":7}},"7":{"start":{"line":23,"column":8},"end":{"line":23,"column":35}},"8":{"start":{"line":28,"column":17},"end":{"line":30,"column":3}},"9":{"start":{"line":29,"column":4},"end":{"line":29,"column":43}},"10":{"start":{"line":32,"column":15},"end":{"line":36,"column":3}},"11":{"start":{"line":33,"column":4},"end":{"line":35,"column":5}},"12":{"start":{"line":34,"column":6},"end":{"line":34,"column":39}},"13":{"start":{"line":39,"column":4},"end":{"line":52,"column":5}}},"fnMap":{"0":{"name":"(anonymous_0)","decl":{"start":{"line":18,"column":17},"end":{"line":18,"column":18}},"loc":{"start":{"line":18,"column":22},"end":{"line":26,"column":3}},"line":18},"1":{"name":"(anonymous_1)","decl":{"start":{"line":28,"column":17},"end":{"line":28,"column":18}},"loc":{"start":{"line":28,"column":22},"end":{"line":30,"column":3}},"line":28},"2":{"name":"(anonymous_2)","decl":{"start":{"line":32,"column":15},"end":{"line":32,"column":16}},"loc":{"start":{"line":32,"column":20},"end":{"line":36,"column":3}},"line":32},"3":{"name":"(anonymous_3)","decl":{"start":{"line":38,"column":2},"end":{"line":38,"column":3}},"loc":{"start":{"line":38,"column":11},"end":{"line":53,"column":3}},"line":38}},"branchMap":{"0":{"loc":{"start":{"line":15,"column":10},"end":{"line":15,"column":31}},"type":"binary-expr","locations":[{"start":{"line":15,"column":10},"end":{"line":15,"column":25}},{"start":{"line":15,"column":29},"end":{"line":15,"column":31}}],"line":15},"1":{"loc":{"start":{"line":20,"column":4},"end":{"line":25,"column":5}},"type":"if","locations":[{"start":{"line":20,"column":4},"end":{"line":25,"column":5}},{"start":{"line":20,"column":4},"end":{"line":25,"column":5}}],"line":20},"2":{"loc":{"start":{"line":22,"column":6},"end":{"line":24,"column":7}},"type":"if","locations":[{"start":{"line":22,"column":6},"end":{"line":24,"column":7}},{"start":{"line":22,"column":6},"end":{"line":24,"column":7}}],"line":22},"3":{"loc":{"start":{"line":33,"column":4},"end":{"line":35,"column":5}},"type":"if","locations":[{"start":{"line":33,"column":4},"end":{"line":35,"column":5}},{"start":{"line":33,"column":4},"end":{"line":35,"column":5}}],"line":33}},"s":{"0":60,"1":70,"2":70,"3":1035,"4":1035,"5":73,"6":73,"7":67,"8":70,"9":962,"10":70,"11":41,"12":2,"13":1099},"f":{"0":1035,"1":962,"2":41,"3":1099},"b":{"0":[70,60],"1":[73,962],"2":[67,6],"3":[2,39]},"_coverageSchema":"1a1c01bbd47fc00a2c39e90264f33305004495a9","hash":"95bd94970e53eb9f28a65965f459e10b20b5c78a"}
,"/home/runner/work/cypress-code-coverage/cypress-code-coverage/src/constants/ActionTypes.js": {"path":"/home/runner/work/cypress-code-coverage/cypress-code-coverage/src/constants/ActionTypes.js","statementMap":{"0":{"start":{"line":1,"column":24},"end":{"line":1,"column":34}},"1":{"start":{"line":2,"column":27},"end":{"line":2,"column":40}},"2":{"start":{"line":3,"column":25},"end":{"line":3,"column":36}},"3":{"start":{"line":4,"column":29},"end":{"line":4,"column":44}},"4":{"start":{"line":5,"column":34},"end":{"line":5,"column":54}},"5":{"start":{"line":6,"column":31},"end":{"line":6,"column":48}},"6":{"start":{"line":7,"column":37},"end":{"line":7,"column":60}}},"fnMap":{},"branchMap":{},"s":{"0":60,"1":60,"2":60,"3":60,"4":60,"5":60,"6":60},"f":{},"b":{},"_coverageSchema":"1a1c01bbd47fc00a2c39e90264f33305004495a9","hash":"2a7ab2b088b9eb62c9efd64d78ebc9cec92e4afa"}
,"/home/runner/work/cypress-code-coverage/cypress-code-coverage/src/constants/TodoFilters.js": {"path":"/home/runner/work/cypress-code-coverage/cypress-code-coverage/src/constants/TodoFilters.js","statementMap":{"0":{"start":{"line":1,"column":24},"end":{"line":1,"column":34}},"1":{"start":{"line":2,"column":30},"end":{"line":2,"column":46}},"2":{"start":{"line":3,"column":27},"end":{"line":3,"column":40}}},"fnMap":{},"branchMap":{},"s":{"0":60,"1":60,"2":60},"f":{},"b":{},"_coverageSchema":"1a1c01bbd47fc00a2c39e90264f33305004495a9","hash":"074d21c83a2dbe0819f9aa3a52a7f91e281e409e"}
,"/home/runner/work/cypress-code-coverage/cypress-code-coverage/src/containers/FilterLink.js": {"path":"/home/runner/work/cypress-code-coverage/cypress-code-coverage/src/containers/FilterLink.js","statementMap":{"0":{"start":{"line":5,"column":24},"end":{"line":7,"column":2}},"1":{"start":{"line":5,"column":46},"end":{"line":7,"column":1}},"2":{"start":{"line":9,"column":27},"end":{"line":13,"column":2}},"3":{"start":{"line":9,"column":52},"end":{"line":13,"column":1}},"4":{"start":{"line":11,"column":4},"end":{"line":11,"column":50}}},"fnMap":{"0":{"name":"(anonymous_0)","decl":{"start":{"line":5,"column":24},"end":{"line":5,"column":25}},"loc":{"start":{"line":5,"column":46},"end":{"line":7,"column":1}},"line":5},"1":{"name":"(anonymous_1)","decl":{"start":{"line":9,"column":27},"end":{"line":9,"column":28}},"loc":{"start":{"line":9,"column":52},"end":{"line":13,"column":1}},"line":9},"2":{"name":"(anonymous_2)","decl":{"start":{"line":10,"column":13},"end":{"line":10,"column":14}},"loc":{"start":{"line":10,"column":19},"end":{"line":12,"column":3}},"line":10}},"branchMap":{},"s":{"0":60,"1":504,"2":60,"3":165,"4":24},"f":{"0":504,"1":165,"2":24},"b":{},"_coverageSchema":"1a1c01bbd47fc00a2c39e90264f33305004495a9","hash":"5b98d3e492697249ef49934f0d41459c027c3782"}
,"/home/runner/work/cypress-code-coverage/cypress-code-coverage/src/containers/Header.js": {"path":"/home/runner/work/cypress-code-coverage/cypress-code-coverage/src/containers/Header.js","statementMap":{},"fnMap":{},"branchMap":{},"s":{},"f":{},"b":{},"_coverageSchema":"1a1c01bbd47fc00a2c39e90264f33305004495a9","hash":"f19be971e3a1e1db4143ba9b9b091e9d23fa1454"}
,"/home/runner/work/cypress-code-coverage/cypress-code-coverage/src/containers/MainSection.js": {"path":"/home/runner/work/cypress-code-coverage/cypress-code-coverage/src/containers/MainSection.js","statementMap":{"0":{"start":{"line":8,"column":24},"end":{"line":11,"column":2}},"1":{"start":{"line":8,"column":34},"end":{"line":11,"column":1}},"2":{"start":{"line":14,"column":27},"end":{"line":16,"column":2}},"3":{"start":{"line":14,"column":40},"end":{"line":16,"column":1}}},"fnMap":{"0":{"name":"(anonymous_0)","decl":{"start":{"line":8,"column":24},"end":{"line":8,"column":25}},"loc":{"start":{"line":8,"column":34},"end":{"line":11,"column":1}},"line":8},"1":{"name":"(anonymous_1)","decl":{"start":{"line":14,"column":27},"end":{"line":14,"column":28}},"loc":{"start":{"line":14,"column":40},"end":{"line":16,"column":1}},"line":14}},"branchMap":{},"s":{"0":60,"1":201,"2":60,"3":60},"f":{"0":201,"1":60},"b":{},"_coverageSchema":"1a1c01bbd47fc00a2c39e90264f33305004495a9","hash":"dee26e48bdb5a41d2e4ed54b063418abba6a8c8e"}
,"/home/runner/work/cypress-code-coverage/cypress-code-coverage/src/containers/VisibleTodoList.js": {"path":"/home/runner/work/cypress-code-coverage/cypress-code-coverage/src/containers/VisibleTodoList.js","statementMap":{"0":{"start":{"line":7,"column":24},"end":{"line":9,"column":2}},"1":{"start":{"line":7,"column":34},"end":{"line":9,"column":1}},"2":{"start":{"line":11,"column":27},"end":{"line":13,"column":2}},"3":{"start":{"line":11,"column":40},"end":{"line":13,"column":1}},"4":{"start":{"line":16,"column":24},"end":{"line":19,"column":11}}},"fnMap":{"0":{"name":"(anonymous_0)","decl":{"start":{"line":7,"column":24},"end":{"line":7,"column":25}},"loc":{"start":{"line":7,"column":34},"end":{"line":9,"column":1}},"line":7},"1":{"name":"(anonymous_1)","decl":{"start":{"line":11,"column":27},"end":{"line":11,"column":28}},"loc":{"start":{"line":11,"column":40},"end":{"line":13,"column":1}},"line":11}},"branchMap":{},"s":{"0":60,"1":201,"2":60,"3":60,"4":60},"f":{"0":201,"1":60},"b":{},"_coverageSchema":"1a1c01bbd47fc00a2c39e90264f33305004495a9","hash":"31f3209712190af78502aac85932f2cc71fdb8e8"}
,"/home/runner/work/cypress-code-coverage/cypress-code-coverage/src/reducers/index.js": {"path":"/home/runner/work/cypress-code-coverage/cypress-code-coverage/src/reducers/index.js","statementMap":{"0":{"start":{"line":5,"column":20},"end":{"line":8,"column":2}}},"fnMap":{},"branchMap":{},"s":{"0":60},"f":{},"b":{},"_coverageSchema":"1a1c01bbd47fc00a2c39e90264f33305004495a9","hash":"3de4c5fb1ee9c95f9b9fdffc69d6929fbc935cfc"}
,"/home/runner/work/cypress-code-coverage/cypress-code-coverage/src/reducers/todos.js": {"path":"/home/runner/work/cypress-code-coverage/cypress-code-coverage/src/reducers/todos.js","statementMap":{"0":{"start":{"line":11,"column":21},"end":{"line":11,"column":66}},"1":{"start":{"line":14,"column":2},"end":{"line":53,"column":3}},"2":{"start":{"line":16,"column":6},"end":{"line":23,"column":7}},"3":{"start":{"line":19,"column":44},"end":{"line":19,"column":68}},"4":{"start":{"line":26,"column":6},"end":{"line":26,"column":56}},"5":{"start":{"line":26,"column":34},"end":{"line":26,"column":55}},"6":{"start":{"line":29,"column":6},"end":{"line":31,"column":7}},"7":{"start":{"line":30,"column":17},"end":{"line":30,"column":78}},"8":{"start":{"line":34,"column":6},"end":{"line":39,"column":7}},"9":{"start":{"line":36,"column":11},"end":{"line":38,"column":18}},"10":{"start":{"line":42,"column":27},"end":{"line":42,"column":62}},"11":{"start":{"line":42,"column":47},"end":{"line":42,"column":61}},"12":{"start":{"line":43,"column":6},"end":{"line":46,"column":9}},"13":{"start":{"line":43,"column":32},"end":{"line":46,"column":7}},"14":{"start":{"line":49,"column":6},"end":{"line":49,"column":59}},"15":{"start":{"line":49,"column":34},"end":{"line":49,"column":58}},"16":{"start":{"line":52,"column":6},"end":{"line":52,"column":18}}},"fnMap":{"0":{"name":"todos","decl":{"start":{"line":13,"column":24},"end":{"line":13,"column":29}},"loc":{"start":{"line":13,"column":61},"end":{"line":54,"column":1}},"line":13},"1":{"name":"(anonymous_1)","decl":{"start":{"line":19,"column":27},"end":{"line":19,"column":28}},"loc":{"start":{"line":19,"column":44},"end":{"line":19,"column":68}},"line":19},"2":{"name":"(anonymous_2)","decl":{"start":{"line":26,"column":26},"end":{"line":26,"column":27}},"loc":{"start":{"line":26,"column":34},"end":{"line":26,"column":55}},"line":26},"3":{"name":"(anonymous_3)","decl":{"start":{"line":30,"column":8},"end":{"line":30,"column":9}},"loc":{"start":{"line":30,"column":17},"end":{"line":30,"column":78}},"line":30},"4":{"name":"(anonymous_4)","decl":{"start":{"line":35,"column":8},"end":{"line":35,"column":9}},"loc":{"start":{"line":36,"column":11},"end":{"line":38,"column":18}},"line":36},"5":{"name":"(anonymous_5)","decl":{"start":{"line":42,"column":39},"end":{"line":42,"column":40}},"loc":{"start":{"line":42,"column":47},"end":{"line":42,"column":61}},"line":42},"6":{"name":"(anonymous_6)","decl":{"start":{"line":43,"column":23},"end":{"line":43,"column":24}},"loc":{"start":{"line":43,"column":32},"end":{"line":46,"column":7}},"line":43},"7":{"name":"(anonymous_7)","decl":{"start":{"line":49,"column":26},"end":{"line":49,"column":27}},"loc":{"start":{"line":49,"column":34},"end":{"line":49,"column":58}},"line":49}},"branchMap":{"0":{"loc":{"start":{"line":11,"column":21},"end":{"line":11,"column":66}},"type":"binary-expr","locations":[{"start":{"line":11,"column":22},"end":{"line":11,"column":36}},{"start":{"line":11,"column":40},"end":{"line":11,"column":59}},{"start":{"line":11,"column":64},"end":{"line":11,"column":66}}],"line":11},"1":{"loc":{"start":{"line":13,"column":31},"end":{"line":13,"column":51}},"type":"default-arg","locations":[{"start":{"line":13,"column":39},"end":{"line":13,"column":51}}],"line":13},"2":{"loc":{"start":{"line":14,"column":2},"end":{"line":53,"column":3}},"type":"switch","locations":[{"start":{"line":15,"column":4},"end":{"line":23,"column":7}},{"start":{"line":25,"column":4},"end":{"line":26,"column":56}},{"start":{"line":28,"column":4},"end":{"line":31,"column":7}},{"start":{"line":33,"column":4},"end":{"line":39,"column":7}},{"start":{"line":41,"column":4},"end":{"line":46,"column":9}},{"start":{"line":48,"column":4},"end":{"line":49,"column":59}},{"start":{"line":51,"column":4},"end":{"line":52,"column":18}}],"line":14},"3":{"loc":{"start":{"line":30,"column":17},"end":{"line":30,"column":78}},"type":"cond-expr","locations":[{"start":{"line":30,"column":41},"end":{"line":30,"column":71}},{"start":{"line":30,"column":74},"end":{"line":30,"column":78}}],"line":30},"4":{"loc":{"start":{"line":36,"column":11},"end":{"line":38,"column":18}},"type":"cond-expr","locations":[{"start":{"line":37,"column":14},"end":{"line":37,"column":53}},{"start":{"line":38,"column":14},"end":{"line":38,"column":18}}],"line":36}},"s":{"0":60,"1":323,"2":65,"3":54,"4":4,"5":12,"6":6,"7":18,"8":28,"9":76,"10":8,"11":12,"12":8,"13":24,"14":8,"15":24,"16":204},"f":{"0":323,"1":54,"2":12,"3":18,"4":76,"5":12,"6":24,"7":24},"b":{"0":[60,60,33],"1":[180],"2":[65,4,6,28,8,8,204],"3":[6,12],"4":[28,48]},"_coverageSchema":"1a1c01bbd47fc00a2c39e90264f33305004495a9","hash":"9c5c05275b359a33aaf817c11aabb19f5aa180e4"}
,"/home/runner/work/cypress-code-coverage/cypress-code-coverage/src/reducers/visibilityFilter.js": {"path":"/home/runner/work/cypress-code-coverage/cypress-code-coverage/src/reducers/visibilityFilter.js","statementMap":{"0":{"start":{"line":4,"column":25},"end":{"line":11,"column":1}},"1":{"start":{"line":5,"column":2},"end":{"line":10,"column":3}},"2":{"start":{"line":7,"column":6},"end":{"line":7,"column":26}},"3":{"start":{"line":9,"column":6},"end":{"line":9,"column":18}}},"fnMap":{"0":{"name":"(anonymous_0)","decl":{"start":{"line":4,"column":25},"end":{"line":4,"column":26}},"loc":{"start":{"line":4,"column":55},"end":{"line":11,"column":1}},"line":4}},"branchMap":{"0":{"loc":{"start":{"line":4,"column":26},"end":{"line":4,"column":42}},"type":"default-arg","locations":[{"start":{"line":4,"column":34},"end":{"line":4,"column":42}}],"line":4},"1":{"loc":{"start":{"line":5,"column":2},"end":{"line":10,"column":3}},"type":"switch","locations":[{"start":{"line":6,"column":4},"end":{"line":7,"column":26}},{"start":{"line":8,"column":4},"end":{"line":9,"column":18}}],"line":5}},"s":{"0":60,"1":323,"2":24,"3":299},"f":{"0":323},"b":{"0":[180],"1":[24,299]},"_coverageSchema":"1a1c01bbd47fc00a2c39e90264f33305004495a9","hash":"0a4705101f0272eb40c8fdb14f4749e3b3fd2c56"}
,"/home/runner/work/cypress-code-coverage/cypress-code-coverage/src/selectors/index.js": {"path":"/home/runner/work/cypress-code-coverage/cypress-code-coverage/src/selectors/index.js","statementMap":{"0":{"start":{"line":4,"column":28},"end":{"line":4,"column":59}},"1":{"start":{"line":4,"column":37},"end":{"line":4,"column":59}},"2":{"start":{"line":5,"column":17},"end":{"line":5,"column":37}},"3":{"start":{"line":5,"column":26},"end":{"line":5,"column":37}},"4":{"start":{"line":7,"column":31},"end":{"line":21,"column":1}},"5":{"start":{"line":10,"column":4},"end":{"line":19,"column":5}},"6":{"start":{"line":12,"column":8},"end":{"line":12,"column":20}},"7":{"start":{"line":14,"column":8},"end":{"line":14,"column":45}},"8":{"start":{"line":14,"column":33},"end":{"line":14,"column":44}},"9":{"start":{"line":16,"column":8},"end":{"line":16,"column":46}},"10":{"start":{"line":16,"column":33},"end":{"line":16,"column":45}},"11":{"start":{"line":18,"column":8},"end":{"line":18,"column":62}},"12":{"start":{"line":23,"column":37},"end":{"line":27,"column":1}},"13":{"start":{"line":26,"column":4},"end":{"line":26,"column":74}},"14":{"start":{"line":26,"column":35},"end":{"line":26,"column":69}}},"fnMap":{"0":{"name":"(anonymous_0)","decl":{"start":{"line":4,"column":28},"end":{"line":4,"column":29}},"loc":{"start":{"line":4,"column":37},"end":{"line":4,"column":59}},"line":4},"1":{"name":"(anonymous_1)","decl":{"start":{"line":5,"column":17},"end":{"line":5,"column":18}},"loc":{"start":{"line":5,"column":26},"end":{"line":5,"column":37}},"line":5},"2":{"name":"(anonymous_2)","decl":{"start":{"line":9,"column":2},"end":{"line":9,"column":3}},"loc":{"start":{"line":9,"column":31},"end":{"line":20,"column":3}},"line":9},"3":{"name":"(anonymous_3)","decl":{"start":{"line":14,"column":28},"end":{"line":14,"column":29}},"loc":{"start":{"line":14,"column":33},"end":{"line":14,"column":44}},"line":14},"4":{"name":"(anonymous_4)","decl":{"start":{"line":16,"column":28},"end":{"line":16,"column":29}},"loc":{"start":{"line":16,"column":33},"end":{"line":16,"column":45}},"line":16},"5":{"name":"(anonymous_5)","decl":{"start":{"line":25,"column":2},"end":{"line":25,"column":3}},"loc":{"start":{"line":26,"column":4},"end":{"line":26,"column":74}},"line":26},"6":{"name":"(anonymous_6)","decl":{"start":{"line":26,"column":17},"end":{"line":26,"column":18}},"loc":{"start":{"line":26,"column":35},"end":{"line":26,"column":69}},"line":26}},"branchMap":{"0":{"loc":{"start":{"line":10,"column":4},"end":{"line":19,"column":5}},"type":"switch","locations":[{"start":{"line":11,"column":6},"end":{"line":12,"column":20}},{"start":{"line":13,"column":6},"end":{"line":14,"column":45}},{"start":{"line":15,"column":6},"end":{"line":16,"column":46}},{"start":{"line":17,"column":6},"end":{"line":18,"column":62}}],"line":10},"1":{"loc":{"start":{"line":26,"column":35},"end":{"line":26,"column":69}},"type":"cond-expr","locations":[{"start":{"line":26,"column":52},"end":{"line":26,"column":61}},{"start":{"line":26,"column":64},"end":{"line":26,"column":69}}],"line":26}},"s":{"0":60,"1":201,"2":60,"3":402,"4":60,"5":201,"6":179,"7":13,"8":35,"9":9,"10":27,"11":0,"12":60,"13":177,"14":336},"f":{"0":201,"1":402,"2":201,"3":35,"4":27,"5":177,"6":336},"b":{"0":[179,13,9,0],"1":[46,290]},"_coverageSchema":"1a1c01bbd47fc00a2c39e90264f33305004495a9","hash":"14e214c8d7395a3537699fb1f4399971e66a355c"}
}
