TN:
SF:src/index.js
FNF:0
FNH:0
DA:7,60
LF:1
LH:1
BRF:0
BRH:0
end_of_record
TN:
SF:src/store.js
FN:7,(anonymous_0)
FNF:1
FNH:1
FNDA:60,(anonymous_0)
DA:6,60
DA:7,60
DA:11,60
DA:12,60
LF:4
LH:4
BRDA:11,0,0,60
BRF:1
BRH:1
end_of_record
TN:
SF:src/actions/index.js
FN:3,(anonymous_0)
FN:4,(anonymous_1)
FN:5,(anonymous_2)
FN:6,(anonymous_3)
FN:7,(anonymous_4)
FN:8,(anonymous_5)
FN:9,(anonymous_6)
FNF:7
FNH:7
FNDA:65,(anonymous_0)
FNDA:4,(anonymous_1)
FNDA:6,(anonymous_2)
FNDA:28,(anonymous_3)
FNDA:8,(anonymous_4)
FNDA:8,(anonymous_5)
FNDA:24,(anonymous_6)
DA:3,65
DA:4,60
DA:5,60
DA:6,60
DA:7,60
DA:8,60
DA:9,60
LF:7
LH:7
BRF:0
BRH:0
end_of_record
TN:
SF:src/components/App.js
FN:5,(anonymous_0)
FNF:1
FNH:1
FNDA:60,(anonymous_0)
DA:5,60
DA:6,60
LF:2
LH:2
BRF:0
BRH:0
end_of_record
TN:
SF:src/components/Footer.js
FN:12,(anonymous_0)
FN:21,(anonymous_1)
FNF:2
FNH:2
FNDA:136,(anonymous_0)
FNDA:408,(anonymous_1)
DA:6,60
DA:12,60
DA:13,136
DA:14,136
DA:15,136
DA:22,408
DA:41,60
LF:7
LH:7
BRDA:14,0,0,34
BRDA:14,0,1,102
BRDA:18,1,0,136
BRDA:18,1,1,8
BRDA:30,2,0,136
BRDA:30,2,1,30
BRF:6
BRH:6
end_of_record
TN:
SF:src/components/Header.js
FN:5,(anonymous_0)
FN:10,(anonymous_1)
FNF:2
FNH:2
FNDA:60,(anonymous_0)
FNDA:67,(anonymous_1)
DA:5,60
DA:6,60
DA:11,67
DA:14,65
DA:22,60
LF:5
LH:5
BRDA:11,0,0,65
BRDA:11,0,1,2
BRF:2
BRH:2
end_of_record
TN:
SF:src/components/Link.js
FN:5,(anonymous_0)
FN:11,(anonymous_1)
FNF:2
FNH:2
FNDA:213,(anonymous_0)
FNDA:24,(anonymous_1)
DA:5,60
DA:8,213
DA:11,24
DA:18,60
LF:4
LH:4
BRF:0
BRH:0
end_of_record
TN:
SF:src/components/MainSection.js
FN:6,(anonymous_0)
FNF:1
FNH:1
FNDA:169,(anonymous_0)
DA:6,60
DA:7,169
DA:31,60
LF:3
LH:3
BRDA:8,0,0,169
BRDA:8,0,1,136
BRDA:21,1,0,169
BRDA:21,1,1,136
BRF:4
BRH:4
end_of_record
TN:
SF:src/components/TodoItem.js
FN:18,(anonymous_0)
FN:22,(anonymous_1)
FN:31,(anonymous_2)
FN:40,(anonymous_3)
FN:50,(anonymous_4)
FN:53,(anonymous_5)
FNF:6
FNH:6
FNDA:10,(anonymous_0)
FNDA:8,(anonymous_1)
FNDA:379,(anonymous_2)
FNDA:8,(anonymous_3)
FNDA:28,(anonymous_4)
FNDA:2,(anonymous_5)
DA:7,60
DA:14,164
DA:18,164
DA:19,10
DA:22,164
DA:23,8
DA:24,2
DA:26,6
DA:28,8
DA:32,379
DA:35,379
DA:36,10
DA:40,8
DA:44,369
DA:50,28
DA:53,2
DA:58,379
LF:17
LH:17
BRDA:23,0,0,2
BRDA:23,0,1,6
BRDA:35,1,0,10
BRDA:35,1,1,369
BRF:4
BRH:4
end_of_record
TN:
SF:src/components/TodoList.js
FN:5,(anonymous_0)
FN:7,(anonymous_1)
FNF:2
FNH:2
FNDA:201,(anonymous_0)
FNDA:369,(anonymous_1)
DA:5,60
DA:6,201
DA:8,369
DA:13,60
LF:4
LH:4
BRF:0
BRH:0
end_of_record
TN:
SF:src/components/TodoTextInput.js
FN:18,(anonymous_0)
FN:28,(anonymous_1)
FN:32,(anonymous_2)
FN:38,(anonymous_3)
FNF:4
FNH:4
FNDA:1035,(anonymous_0)
FNDA:962,(anonymous_1)
FNDA:41,(anonymous_2)
FNDA:1099,(anonymous_3)
DA:6,60
DA:14,70
DA:18,70
DA:19,1035
DA:20,1035
DA:21,73
DA:22,73
DA:23,67
DA:28,70
DA:29,962
DA:32,70
DA:33,41
DA:34,2
DA:39,1099
LF:14
LH:14
BRDA:15,0,0,70
BRDA:15,0,1,60
BRDA:20,1,0,73
BRDA:20,1,1,962
BRDA:22,2,0,67
BRDA:22,2,1,6
BRDA:33,3,0,2
BRDA:33,3,1,39
BRF:8
BRH:8
end_of_record
TN:
SF:src/constants/ActionTypes.js
FNF:0
FNH:0
DA:1,60
DA:2,60
DA:3,60
DA:4,60
DA:5,60
DA:6,60
DA:7,60
LF:7
LH:7
BRF:0
BRH:0
end_of_record
TN:
SF:src/constants/TodoFilters.js
FNF:0
FNH:0
DA:1,60
DA:2,60
DA:3,60
LF:3
LH:3
BRF:0
BRH:0
end_of_record
TN:
SF:src/containers/FilterLink.js
FN:5,(anonymous_0)
FN:9,(anonymous_1)
FN:10,(anonymous_2)
FNF:3
FNH:3
FNDA:504,(anonymous_0)
FNDA:165,(anonymous_1)
FNDA:24,(anonymous_2)
DA:5,504
DA:9,165
DA:11,24
LF:3
LH:3
BRF:0
BRH:0
end_of_record
TN:
SF:src/containers/Header.js
FNF:0
FNH:0
LF:0
LH:0
BRF:0
BRH:0
end_of_record
TN:
SF:src/containers/MainSection.js
FN:8,(anonymous_0)
FN:14,(anonymous_1)
FNF:2
FNH:2
FNDA:201,(anonymous_0)
FNDA:60,(anonymous_1)
DA:8,201
DA:14,60
LF:2
LH:2
BRF:0
BRH:0
end_of_record
TN:
SF:src/containers/VisibleTodoList.js
FN:7,(anonymous_0)
FN:11,(anonymous_1)
FNF:2
FNH:2
FNDA:201,(anonymous_0)
FNDA:60,(anonymous_1)
DA:7,201
DA:11,60
DA:16,60
LF:3
LH:3
BRF:0
BRH:0
end_of_record
TN:
SF:src/reducers/index.js
FNF:0
FNH:0
DA:5,60
LF:1
LH:1
BRF:0
BRH:0
end_of_record
TN:
SF:src/reducers/todos.js
FN:13,todos
FN:19,(anonymous_1)
FN:26,(anonymous_2)
FN:30,(anonymous_3)
FN:35,(anonymous_4)
FN:42,(anonymous_5)
FN:43,(anonymous_6)
FN:49,(anonymous_7)
FNF:8
FNH:8
FNDA:323,todos
FNDA:54,(anonymous_1)
FNDA:12,(anonymous_2)
FNDA:18,(anonymous_3)
FNDA:76,(anonymous_4)
FNDA:12,(anonymous_5)
FNDA:24,(anonymous_6)
FNDA:24,(anonymous_7)
DA:11,60
DA:14,323
DA:16,65
DA:19,54
DA:26,12
DA:29,6
DA:30,18
DA:34,28
DA:36,76
DA:42,12
DA:43,24
DA:49,24
DA:52,204
LF:13
LH:13
BRDA:11,0,0,60
BRDA:11,0,1,60
BRDA:11,0,2,33
BRDA:13,1,0,180
BRDA:14,2,0,65
BRDA:14,2,1,4
BRDA:14,2,2,6
BRDA:14,2,3,28
BRDA:14,2,4,8
BRDA:14,2,5,8
BRDA:14,2,6,204
BRDA:30,3,0,6
BRDA:30,3,1,12
BRDA:36,4,0,28
BRDA:36,4,1,48
BRF:15
BRH:15
end_of_record
TN:
SF:src/reducers/visibilityFilter.js
FN:4,(anonymous_0)
FNF:1
FNH:1
FNDA:323,(anonymous_0)
DA:4,60
DA:5,323
DA:7,24
DA:9,299
LF:4
LH:4
BRDA:4,0,0,180
BRDA:5,1,0,24
BRDA:5,1,1,299
BRF:3
BRH:3
end_of_record
TN:
SF:src/selectors/index.js
FN:4,(anonymous_0)
FN:5,(anonymous_1)
FN:9,(anonymous_2)
FN:14,(anonymous_3)
FN:16,(anonymous_4)
FN:25,(anonymous_5)
FN:26,(anonymous_6)
FNF:7
FNH:7
FNDA:201,(anonymous_0)
FNDA:402,(anonymous_1)
FNDA:201,(anonymous_2)
FNDA:35,(anonymous_3)
FNDA:27,(anonymous_4)
FNDA:177,(anonymous_5)
FNDA:336,(anonymous_6)
DA:4,201
DA:5,402
DA:7,60
DA:10,201
DA:12,179
DA:14,35
DA:16,27
DA:18,0
DA:23,60
DA:26,336
LF:10
LH:9
BRDA:10,0,0,179
BRDA:10,0,1,13
BRDA:10,0,2,9
BRDA:10,0,3,0
BRDA:26,1,0,46
BRDA:26,1,1,290
BRF:6
BRH:5
end_of_record
